<?xml version="1.0" encoding="UTF-8"?>
<!-- Generated by org.testng.reporters.JUnitXMLReporter -->
<testsuite hostname="LAPTOP-Q5H3M2AT" ignored="0" name="Default test" tests="3" failures="0" timestamp="26 Aug 2018 14:37:03 GMT" time="23.584" errors="0">
  <testcase name="crmLogoImgTest" time="0.147" classname="com.crm.qa.testcases.LoginPageTest"/>
  <testcase name="loginPageTitleTest" time="0.052" classname="com.crm.qa.testcases.LoginPageTest"/>
  <testcase name="loginTest" time="6.337" classname="com.crm.qa.testcases.LoginPageTest"/>
</testsuite> <!-- Default test -->
