<?xml version="1.0" encoding="UTF-8"?>
<!-- Generated by org.testng.reporters.JUnitXMLReporter -->
<testsuite hostname="LAPTOP-Q5H3M2AT" ignored="0" name="Functional" tests="14" failures="0" timestamp="26 Aug 2018 04:19:04 GMT" time="150.509" errors="0">
  <testcase name="createNewContactTest" time="2.099" classname="com.crm.qa.testcases.ContactPageTest"/>
  <testcase name="createNewContactTest" time="1.724" classname="com.crm.qa.testcases.ContactPageTest"/>
  <testcase name="createNewContactTest" time="1.864" classname="com.crm.qa.testcases.ContactPageTest"/>
  <testcase name="createNewContactTest" time="1.765" classname="com.crm.qa.testcases.ContactPageTest"/>
  <testcase name="createNewContactTest" time="1.671" classname="com.crm.qa.testcases.ContactPageTest"/>
  <testcase name="createNewContactTest" time="1.742" classname="com.crm.qa.testcases.ContactPageTest"/>
  <testcase name="selectContactTest" time="0.106" classname="com.crm.qa.testcases.ContactPageTest"/>
  <testcase name="verifyContactPageTitle" time="0.045" classname="com.crm.qa.testcases.ContactPageTest"/>
  <testcase name="homePageTitleTest" time="0.025" classname="com.crm.qa.testcases.HomePageTest"/>
  <testcase name="searchTargetListTest" time="0.102" classname="com.crm.qa.testcases.HomePageTest"/>
  <testcase name="upgradeAccountTextTest" time="0.081" classname="com.crm.qa.testcases.HomePageTest"/>
  <testcase name="crmLogoImgTest" time="0.098" classname="com.crm.qa.testcases.LoginPageTest"/>
  <testcase name="loginPageTitleTest" time="0.056" classname="com.crm.qa.testcases.LoginPageTest"/>
  <testcase name="loginTest" time="3.799" classname="com.crm.qa.testcases.LoginPageTest"/>
</testsuite> <!-- Functional -->
