<?xml version="1.0" encoding="UTF-8"?>
<testng-results skipped="0" failed="0" ignored="0" total="3" passed="3">
  <reporter-output>
  </reporter-output>
  <suite name="Default suite" duration-ms="23584" started-at="2018-08-26T14:36:39Z" finished-at="2018-08-26T14:37:03Z">
    <groups>
    </groups>
    <test name="Default test" duration-ms="23584" started-at="2018-08-26T14:36:39Z" finished-at="2018-08-26T14:37:03Z">
      <class name="com.crm.qa.testcases.LoginPageTest">
        <test-method status="PASS" signature="setUp()[pri:0, instance:com.crm.qa.testcases.LoginPageTest@35d176f7]" name="setUp" is-config="true" duration-ms="5761" started-at="2018-08-26T10:36:39Z" finished-at="2018-08-26T10:36:45Z">
          <reporter-output>
          </reporter-output>
        </test-method> <!-- setUp -->
        <test-method status="PASS" signature="crmLogoImgTest()[pri:0, instance:com.crm.qa.testcases.LoginPageTest@35d176f7]" name="crmLogoImgTest" duration-ms="147" started-at="2018-08-26T10:36:45Z" finished-at="2018-08-26T10:36:45Z">
          <reporter-output>
          </reporter-output>
        </test-method> <!-- crmLogoImgTest -->
        <test-method status="PASS" signature="tearDown()[pri:0, instance:com.crm.qa.testcases.LoginPageTest@35d176f7]" name="tearDown" is-config="true" duration-ms="925" started-at="2018-08-26T10:36:45Z" finished-at="2018-08-26T10:36:46Z">
          <reporter-output>
          </reporter-output>
        </test-method> <!-- tearDown -->
        <test-method status="PASS" signature="setUp()[pri:0, instance:com.crm.qa.testcases.LoginPageTest@35d176f7]" name="setUp" is-config="true" duration-ms="4418" started-at="2018-08-26T10:36:46Z" finished-at="2018-08-26T10:36:51Z">
          <reporter-output>
          </reporter-output>
        </test-method> <!-- setUp -->
        <test-method status="PASS" signature="loginPageTitleTest()[pri:0, instance:com.crm.qa.testcases.LoginPageTest@35d176f7]" name="loginPageTitleTest" duration-ms="52" started-at="2018-08-26T10:36:51Z" finished-at="2018-08-26T10:36:51Z">
          <reporter-output>
          </reporter-output>
        </test-method> <!-- loginPageTitleTest -->
        <test-method status="PASS" signature="tearDown()[pri:0, instance:com.crm.qa.testcases.LoginPageTest@35d176f7]" name="tearDown" is-config="true" duration-ms="786" started-at="2018-08-26T10:36:51Z" finished-at="2018-08-26T10:36:51Z">
          <reporter-output>
          </reporter-output>
        </test-method> <!-- tearDown -->
        <test-method status="PASS" signature="setUp()[pri:0, instance:com.crm.qa.testcases.LoginPageTest@35d176f7]" name="setUp" is-config="true" duration-ms="4326" started-at="2018-08-26T10:36:51Z" finished-at="2018-08-26T10:36:56Z">
          <reporter-output>
          </reporter-output>
        </test-method> <!-- setUp -->
        <test-method status="PASS" signature="loginTest()[pri:0, instance:com.crm.qa.testcases.LoginPageTest@35d176f7]" name="loginTest" duration-ms="6337" started-at="2018-08-26T10:36:56Z" finished-at="2018-08-26T10:37:02Z">
          <reporter-output>
          </reporter-output>
        </test-method> <!-- loginTest -->
        <test-method status="PASS" signature="tearDown()[pri:0, instance:com.crm.qa.testcases.LoginPageTest@35d176f7]" name="tearDown" is-config="true" duration-ms="808" started-at="2018-08-26T10:37:02Z" finished-at="2018-08-26T10:37:03Z">
          <reporter-output>
          </reporter-output>
        </test-method> <!-- tearDown -->
      </class> <!-- com.crm.qa.testcases.LoginPageTest -->
    </test> <!-- Default test -->
  </suite> <!-- Default suite -->
</testng-results>
